  [1m[36m (116.4ms)[0m  [1mCREATE TABLE `schema_migrations` (`version` varchar(255) NOT NULL) ENGINE=InnoDB[0m
  [1m[35m (149.8ms)[0m  CREATE UNIQUE INDEX `unique_schema_migrations` ON `schema_migrations` (`version`)
  [1m[36m (0.5ms)[0m  [1mSELECT `schema_migrations`.`version` FROM `schema_migrations` [0m
Migrating to DeviseCreateUsers (20111031181458)
  [1m[35m (77.1ms)[0m  CREATE TABLE `users` (`id` int(11) DEFAULT NULL auto_increment PRIMARY KEY, `email` varchar(255) DEFAULT '' NOT NULL, `encrypted_password` varchar(128) DEFAULT '' NOT NULL, `reset_password_token` varchar(255), `reset_password_sent_at` datetime, `remember_created_at` datetime, `sign_in_count` int(11) DEFAULT 0, `current_sign_in_at` datetime, `last_sign_in_at` datetime, `current_sign_in_ip` varchar(255), `last_sign_in_ip` varchar(255), `created_at` datetime, `updated_at` datetime) ENGINE=InnoDB
  [1m[36m (184.0ms)[0m  [1mCREATE UNIQUE INDEX `index_users_on_email` ON `users` (`email`)[0m
  [1m[35m (182.8ms)[0m  CREATE UNIQUE INDEX `index_users_on_reset_password_token` ON `users` (`reset_password_token`)
  [1m[36m (23.1ms)[0m  [1mINSERT INTO `schema_migrations` (`version`) VALUES ('20111031181458')[0m
  [1m[35m (0.5ms)[0m  SELECT `schema_migrations`.`version` FROM `schema_migrations` 


Started GET "/assets/rails.png" for 127.0.0.1 at Mon Oct 31 14:25:53 -0400 2011
Served asset /rails.png - 200 OK (3ms)


Started GET "/" for 127.0.0.1 at Mon Oct 31 14:27:05 -0400 2011

ActionController::RoutingError (No route matches [GET] "/"):
  

Rendered /usr/lib/ruby/gems/1.8/gems/actionpack-3.1.1/lib/action_dispatch/middleware/templates/rescues/routing_error.erb within rescues/layout (15.7ms)


Started GET "/" for 127.0.0.1 at Mon Oct 31 14:57:41 -0400 2011

SyntaxError (/home/mjpete/workspace/devisetest/config/routes.rb:3: syntax error, unexpected ':', expecting kEND
  root to: => index#home
          ^):
  

Rendered /usr/lib/ruby/gems/1.8/gems/actionpack-3.1.1/lib/action_dispatch/middleware/templates/rescues/_trace.erb (3.7ms)
Rendered /usr/lib/ruby/gems/1.8/gems/actionpack-3.1.1/lib/action_dispatch/middleware/templates/rescues/_request_and_response.erb (12.0ms)
Rendered /usr/lib/ruby/gems/1.8/gems/actionpack-3.1.1/lib/action_dispatch/middleware/templates/rescues/diagnostics.erb within rescues/layout (23.9ms)


Started GET "/" for 127.0.0.1 at Mon Oct 31 14:58:01 -0400 2011

NameError (undefined local variable or method `index' for #<ActionDispatch::Routing::Mapper:0x7f3bbed64ba0>):
  config/routes.rb:3
  config/routes.rb:1

Rendered /usr/lib/ruby/gems/1.8/gems/actionpack-3.1.1/lib/action_dispatch/middleware/templates/rescues/_trace.erb (1.1ms)
Rendered /usr/lib/ruby/gems/1.8/gems/actionpack-3.1.1/lib/action_dispatch/middleware/templates/rescues/_request_and_response.erb (0.9ms)
Rendered /usr/lib/ruby/gems/1.8/gems/actionpack-3.1.1/lib/action_dispatch/middleware/templates/rescues/diagnostics.erb within rescues/layout (6.0ms)


Started GET "/" for 127.0.0.1 at Mon Oct 31 14:58:34 -0400 2011

ActionController::RoutingError (uninitialized constant IndexController):
  

Rendered /usr/lib/ruby/gems/1.8/gems/actionpack-3.1.1/lib/action_dispatch/middleware/templates/rescues/routing_error.erb within rescues/layout (0.4ms)


Started GET "/" for 127.0.0.1 at Mon Oct 31 14:58:50 -0400 2011
  Processing by HomeController#index as HTML
Completed 500 Internal Server Error in 20ms

ActionView::MissingTemplate (Missing template home/index, application/index with {:locale=>[:en, :en], :handlers=>[:builder, :erb, :coffee], :formats=>[:html]}. Searched in:
  * "/home/mjpete/workspace/devisetest/app/views"
  * "/usr/lib/ruby/gems/1.8/gems/devise-1.4.9/app/views"
):
  

Rendered /usr/lib/ruby/gems/1.8/gems/actionpack-3.1.1/lib/action_dispatch/middleware/templates/rescues/missing_template.erb within rescues/layout (0.3ms)


Started GET "/" for 127.0.0.1 at Mon Oct 31 14:59:28 -0400 2011
  Processing by HomeController#index as HTML
Rendered home/index.html.erb within layouts/application (0.2ms)
Compiled application.css  (2ms)  (pid 13724)
Compiled home.css  (3ms)  (pid 13724)
Compiled application.js  (6ms)  (pid 13724)
Compiled jquery.js  (4ms)  (pid 13724)
Compiled jquery_ujs.js  (1ms)  (pid 13724)
Compiled home.js  (252ms)  (pid 13724)
Completed 200 OK in 374ms (Views: 373.8ms | ActiveRecord: 0.0ms)


Started GET "/assets/application.css?body=1" for 127.0.0.1 at Mon Oct 31 14:59:29 -0400 2011
Served asset /application.css - 200 OK (0ms)


Started GET "/assets/home.css?body=1" for 127.0.0.1 at Mon Oct 31 14:59:29 -0400 2011
Served asset /home.css - 200 OK (4ms)


Started GET "/assets/jquery.js?body=1" for 127.0.0.1 at Mon Oct 31 14:59:29 -0400 2011
Served asset /jquery.js - 200 OK (3ms)


Started GET "/assets/jquery_ujs.js?body=1" for 127.0.0.1 at Mon Oct 31 14:59:29 -0400 2011
Served asset /jquery_ujs.js - 200 OK (4ms)


Started GET "/assets/home.js?body=1" for 127.0.0.1 at Mon Oct 31 14:59:29 -0400 2011
Served asset /home.js - 200 OK (7ms)


Started GET "/assets/application.js?body=1" for 127.0.0.1 at Mon Oct 31 14:59:29 -0400 2011
Served asset /application.js - 200 OK (0ms)


Started GET "/" for 127.0.0.1 at Mon Oct 31 15:01:53 -0400 2011
  Processing by HomeController#index as HTML
Rendered home/index.html.erb within layouts/application (0.1ms)
Completed 200 OK in 10ms (Views: 9.9ms | ActiveRecord: 0.0ms)


Started GET "/assets/application.css?body=1" for 127.0.0.1 at Mon Oct 31 15:01:53 -0400 2011
Served asset /application.css - 304 Not Modified (0ms)


Started GET "/assets/home.css?body=1" for 127.0.0.1 at Mon Oct 31 15:01:53 -0400 2011
Served asset /home.css - 304 Not Modified (0ms)


Started GET "/assets/jquery.js?body=1" for 127.0.0.1 at Mon Oct 31 15:01:53 -0400 2011
Served asset /jquery.js - 304 Not Modified (0ms)


Started GET "/assets/jquery_ujs.js?body=1" for 127.0.0.1 at Mon Oct 31 15:01:53 -0400 2011
Served asset /jquery_ujs.js - 304 Not Modified (0ms)


Started GET "/assets/home.js?body=1" for 127.0.0.1 at Mon Oct 31 15:01:53 -0400 2011
Served asset /home.js - 304 Not Modified (0ms)


Started GET "/assets/application.js?body=1" for 127.0.0.1 at Mon Oct 31 15:01:53 -0400 2011
Served asset /application.js - 304 Not Modified (0ms)


Started GET "/" for 127.0.0.1 at Mon Oct 31 15:45:27 -0400 2011
  Processing by HomeController#index as HTML
Rendered home/index.html.erb within layouts/application (0.1ms)
Completed 200 OK in 11ms (Views: 10.1ms | ActiveRecord: 0.0ms)


Started GET "/assets/application.css?body=1" for 127.0.0.1 at Mon Oct 31 15:45:27 -0400 2011
Served asset /application.css - 304 Not Modified (0ms)


Started GET "/assets/home.css?body=1" for 127.0.0.1 at Mon Oct 31 15:45:27 -0400 2011
Served asset /home.css - 304 Not Modified (0ms)


Started GET "/assets/jquery.js?body=1" for 127.0.0.1 at Mon Oct 31 15:45:27 -0400 2011
Served asset /jquery.js - 304 Not Modified (0ms)


Started GET "/assets/jquery_ujs.js?body=1" for 127.0.0.1 at Mon Oct 31 15:45:27 -0400 2011
Served asset /jquery_ujs.js - 304 Not Modified (0ms)


Started GET "/assets/home.js?body=1" for 127.0.0.1 at Mon Oct 31 15:45:27 -0400 2011
Served asset /home.js - 304 Not Modified (0ms)


Started GET "/assets/application.js?body=1" for 127.0.0.1 at Mon Oct 31 15:45:27 -0400 2011
Served asset /application.js - 304 Not Modified (0ms)


Started GET "/" for 127.0.0.1 at Mon Oct 31 15:45:28 -0400 2011
  Processing by HomeController#index as HTML
Rendered home/index.html.erb within layouts/application (0.1ms)
Completed 200 OK in 10ms (Views: 10.1ms | ActiveRecord: 0.0ms)


Started GET "/assets/application.css?body=1" for 127.0.0.1 at Mon Oct 31 15:45:28 -0400 2011
Served asset /application.css - 304 Not Modified (0ms)


Started GET "/assets/home.js?body=1" for 127.0.0.1 at Mon Oct 31 15:45:28 -0400 2011
Served asset /home.js - 304 Not Modified (0ms)


Started GET "/assets/jquery.js?body=1" for 127.0.0.1 at Mon Oct 31 15:45:28 -0400 2011
Served asset /jquery.js - 304 Not Modified (0ms)


Started GET "/assets/home.css?body=1" for 127.0.0.1 at Mon Oct 31 15:45:28 -0400 2011
Served asset /home.css - 304 Not Modified (0ms)


Started GET "/assets/application.js?body=1" for 127.0.0.1 at Mon Oct 31 15:45:28 -0400 2011
Served asset /application.js - 304 Not Modified (0ms)


Started GET "/assets/jquery_ujs.js?body=1" for 127.0.0.1 at Mon Oct 31 15:45:28 -0400 2011
Served asset /jquery_ujs.js - 304 Not Modified (0ms)


Started GET "/registration" for 127.0.0.1 at Mon Oct 31 15:45:52 -0400 2011

ActionController::RoutingError (No route matches [GET] "/registration"):
  

Rendered /usr/lib/ruby/gems/1.8/gems/actionpack-3.1.1/lib/action_dispatch/middleware/templates/rescues/routing_error.erb within rescues/layout (0.5ms)


Started GET "/" for 127.0.0.1 at Mon Oct 31 15:45:59 -0400 2011
  Processing by HomeController#index as HTML
Rendered home/index.html.erb within layouts/application (0.1ms)
Completed 200 OK in 10ms (Views: 9.7ms | ActiveRecord: 0.0ms)


Started GET "/assets/application.css?body=1" for 127.0.0.1 at Mon Oct 31 15:45:59 -0400 2011
Served asset /application.css - 304 Not Modified (1ms)


Started GET "/assets/home.css?body=1" for 127.0.0.1 at Mon Oct 31 15:45:59 -0400 2011
Served asset /home.css - 304 Not Modified (0ms)


Started GET "/assets/jquery.js?body=1" for 127.0.0.1 at Mon Oct 31 15:45:59 -0400 2011
Served asset /jquery.js - 304 Not Modified (0ms)


Started GET "/assets/jquery_ujs.js?body=1" for 127.0.0.1 at Mon Oct 31 15:45:59 -0400 2011
Served asset /jquery_ujs.js - 304 Not Modified (0ms)


Started GET "/assets/home.js?body=1" for 127.0.0.1 at Mon Oct 31 15:45:59 -0400 2011
Served asset /home.js - 304 Not Modified (0ms)


Started GET "/assets/application.js?body=1" for 127.0.0.1 at Mon Oct 31 15:45:59 -0400 2011
Served asset /application.js - 304 Not Modified (1ms)


Started GET "/users" for 127.0.0.1 at Mon Oct 31 15:47:24 -0400 2011

ActionController::RoutingError (No route matches [GET] "/users"):
  

Rendered /usr/lib/ruby/gems/1.8/gems/actionpack-3.1.1/lib/action_dispatch/middleware/templates/rescues/routing_error.erb within rescues/layout (0.5ms)


Started GET "/users/registration" for 127.0.0.1 at Mon Oct 31 15:47:28 -0400 2011

ActionController::RoutingError (No route matches [GET] "/users/registration"):
  

Rendered /usr/lib/ruby/gems/1.8/gems/actionpack-3.1.1/lib/action_dispatch/middleware/templates/rescues/routing_error.erb within rescues/layout (0.5ms)


Started GET "/" for 127.0.0.1 at Mon Oct 31 15:48:34 -0400 2011

SyntaxError (/home/mjpete/workspace/devisetest/app/controllers/home_controller.rb:2: syntax error, unexpected ':', expecting kEND
  :before_filter :authenticate_user!
                  ^):
  

Rendered /usr/lib/ruby/gems/1.8/gems/actionpack-3.1.1/lib/action_dispatch/middleware/templates/rescues/_trace.erb (1.0ms)
Rendered /usr/lib/ruby/gems/1.8/gems/actionpack-3.1.1/lib/action_dispatch/middleware/templates/rescues/_request_and_response.erb (0.8ms)
Rendered /usr/lib/ruby/gems/1.8/gems/actionpack-3.1.1/lib/action_dispatch/middleware/templates/rescues/diagnostics.erb within rescues/layout (3.8ms)


Started GET "/" for 127.0.0.1 at Mon Oct 31 15:48:54 -0400 2011
  Processing by HomeController#index as HTML
Completed   in 8ms


Started GET "/users/sign_in" for 127.0.0.1 at Mon Oct 31 15:48:54 -0400 2011
  Processing by Devise::SessionsController#new as HTML
Rendered devise/shared/_links.erb (1.9ms)
Rendered devise/sessions/new.html.erb within layouts/application (28.3ms)
Completed 200 OK in 157ms (Views: 38.5ms | ActiveRecord: 7.9ms)


Started GET "/assets/application.css?body=1" for 127.0.0.1 at Mon Oct 31 15:48:55 -0400 2011
Served asset /application.css - 304 Not Modified (0ms)


Started GET "/assets/home.css?body=1" for 127.0.0.1 at Mon Oct 31 15:48:55 -0400 2011
Served asset /home.css - 304 Not Modified (0ms)


Started GET "/assets/jquery.js?body=1" for 127.0.0.1 at Mon Oct 31 15:48:55 -0400 2011
Served asset /jquery.js - 304 Not Modified (0ms)


Started GET "/assets/jquery_ujs.js?body=1" for 127.0.0.1 at Mon Oct 31 15:48:55 -0400 2011
Served asset /jquery_ujs.js - 304 Not Modified (0ms)


Started GET "/assets/home.js?body=1" for 127.0.0.1 at Mon Oct 31 15:48:55 -0400 2011
Served asset /home.js - 304 Not Modified (0ms)


Started GET "/assets/application.js?body=1" for 127.0.0.1 at Mon Oct 31 15:48:55 -0400 2011
Served asset /application.js - 304 Not Modified (0ms)
